kotlin version: 2.0.21
error message: org.jetbrains.kotlin.backend.common.BackendException: Backend Internal error: Exception during IR lowering
File being compiled: /home/charlie/Documents/repositories/loneliness-diary/feature/diary/src/main/java/com/emenjivar/feature/diary/navigation/DiaryNavGraph.kt
The root cause java.lang.RuntimeException was thrown at: org.jetbrains.kotlin.backend.jvm.codegen.FunctionCodegen.generate(FunctionCodegen.kt:47)
	at org.jetbrains.kotlin.backend.common.CodegenUtil.reportBackendException(CodegenUtil.kt:253)
	at org.jetbrains.kotlin.backend.common.CodegenUtil.reportBackendException$default(CodegenUtil.kt:236)
	at org.jetbrains.kotlin.backend.common.phaser.PerformByIrFilePhase.invokeSequential(performByIrFile.kt:65)
	at org.jetbrains.kotlin.backend.common.phaser.PerformByIrFilePhase.invoke(performByIrFile.kt:52)
	at org.jetbrains.kotlin.backend.common.phaser.PerformByIrFilePhase.invoke(performByIrFile.kt:38)
	at org.jetbrains.kotlin.backend.common.phaser.NamedCompilerPhase.phaseBody(CompilerPhase.kt:166)
	at org.jetbrains.kotlin.backend.common.phaser.AbstractNamedCompilerPhase.invoke(CompilerPhase.kt:113)
	at org.jetbrains.kotlin.backend.common.phaser.CompositePhase.invoke(PhaseBuilders.kt:27)
	at org.jetbrains.kotlin.backend.common.phaser.CompositePhase.invoke(PhaseBuilders.kt:14)
	at org.jetbrains.kotlin.backend.common.phaser.NamedCompilerPhase.phaseBody(CompilerPhase.kt:166)
	at org.jetbrains.kotlin.backend.common.phaser.AbstractNamedCompilerPhase.invoke(CompilerPhase.kt:113)
	at org.jetbrains.kotlin.backend.common.phaser.CompilerPhaseKt.invokeToplevel(CompilerPhase.kt:62)
	at org.jetbrains.kotlin.backend.jvm.JvmIrCodegenFactory.invokeCodegen(JvmIrCodegenFactory.kt:371)
	at org.jetbrains.kotlin.codegen.CodegenFactory.generateModule(CodegenFactory.kt:47)
	at org.jetbrains.kotlin.backend.jvm.JvmIrCodegenFactory.generateModuleInFrontendIRMode(JvmIrCodegenFactory.kt:433)
	at org.jetbrains.kotlin.cli.jvm.compiler.pipeline.JvmCompilerPipelineKt.generateCodeFromIr(jvmCompilerPipeline.kt:246)
	at org.jetbrains.kotlin.cli.jvm.compiler.pipeline.JvmCompilerPipelineKt.compileModulesUsingFrontendIrAndLightTree(jvmCompilerPipeline.kt:142)
	at org.jetbrains.kotlin.cli.jvm.K2JVMCompiler.doExecute(K2JVMCompiler.kt:148)
	at org.jetbrains.kotlin.cli.jvm.K2JVMCompiler.doExecute(K2JVMCompiler.kt:43)
	at org.jetbrains.kotlin.cli.common.CLICompiler.execImpl(CLICompiler.kt:103)
	at org.jetbrains.kotlin.cli.common.CLICompiler.execImpl(CLICompiler.kt:49)
	at org.jetbrains.kotlin.cli.common.CLITool.exec(CLITool.kt:101)
	at org.jetbrains.kotlin.incremental.IncrementalJvmCompilerRunner.runCompiler(IncrementalJvmCompilerRunner.kt:464)
	at org.jetbrains.kotlin.incremental.IncrementalJvmCompilerRunner.runCompiler(IncrementalJvmCompilerRunner.kt:73)
	at org.jetbrains.kotlin.incremental.IncrementalCompilerRunner.doCompile(IncrementalCompilerRunner.kt:506)
	at org.jetbrains.kotlin.incremental.IncrementalCompilerRunner.compileImpl(IncrementalCompilerRunner.kt:423)
	at org.jetbrains.kotlin.incremental.IncrementalCompilerRunner.compileNonIncrementally(IncrementalCompilerRunner.kt:301)
	at org.jetbrains.kotlin.incremental.IncrementalCompilerRunner.compile(IncrementalCompilerRunner.kt:129)
	at org.jetbrains.kotlin.daemon.CompileServiceImplBase.execIncrementalCompiler(CompileServiceImpl.kt:675)
	at org.jetbrains.kotlin.daemon.CompileServiceImplBase.access$execIncrementalCompiler(CompileServiceImpl.kt:92)
	at org.jetbrains.kotlin.daemon.CompileServiceImpl.compile(CompileServiceImpl.kt:1660)
	at java.base/jdk.internal.reflect.NativeMethodAccessorImpl.invoke0(Native Method)
	at java.base/jdk.internal.reflect.NativeMethodAccessorImpl.invoke(NativeMethodAccessorImpl.java:77)
	at java.base/jdk.internal.reflect.DelegatingMethodAccessorImpl.invoke(DelegatingMethodAccessorImpl.java:43)
	at java.base/java.lang.reflect.Method.invoke(Method.java:568)
	at java.rmi/sun.rmi.server.UnicastServerRef.dispatch(UnicastServerRef.java:360)
	at java.rmi/sun.rmi.transport.Transport$1.run(Transport.java:200)
	at java.rmi/sun.rmi.transport.Transport$1.run(Transport.java:197)
	at java.base/java.security.AccessController.doPrivileged(AccessController.java:712)
	at java.rmi/sun.rmi.transport.Transport.serviceCall(Transport.java:196)
	at java.rmi/sun.rmi.transport.tcp.TCPTransport.handleMessages(TCPTransport.java:587)
	at java.rmi/sun.rmi.transport.tcp.TCPTransport$ConnectionHandler.run0(TCPTransport.java:828)
	at java.rmi/sun.rmi.transport.tcp.TCPTransport$ConnectionHandler.lambda$run$0(TCPTransport.java:705)
	at java.base/java.security.AccessController.doPrivileged(AccessController.java:399)
	at java.rmi/sun.rmi.transport.tcp.TCPTransport$ConnectionHandler.run(TCPTransport.java:704)
	at java.base/java.util.concurrent.ThreadPoolExecutor.runWorker(ThreadPoolExecutor.java:1136)
	at java.base/java.util.concurrent.ThreadPoolExecutor$Worker.run(ThreadPoolExecutor.java:635)
	at java.base/java.lang.Thread.run(Thread.java:840)
Caused by: java.lang.RuntimeException: Exception while generating code for:
FUN name:featureGraph visibility:public modality:FINAL <> ($receiver:androidx.navigation3.runtime.EntryProviderBuilder<androidx.navigation3.runtime.NavKey>, navigateTo:kotlin.Function1<androidx.navigation3.runtime.NavKey, kotlin.Unit>, popBackStack:kotlin.Function0<kotlin.Unit>) returnType:kotlin.Unit
  $receiver: VALUE_PARAMETER name:<this> type:androidx.navigation3.runtime.EntryProviderBuilder<androidx.navigation3.runtime.NavKey>
  VALUE_PARAMETER name:navigateTo index:0 type:kotlin.Function1<androidx.navigation3.runtime.NavKey, kotlin.Unit>
  VALUE_PARAMETER name:popBackStack index:1 type:kotlin.Function0<kotlin.Unit>
  BLOCK_BODY
    CALL 'public final fun entry$default <T> (clazzContentKey: kotlin.Function1<@[JvmSuppressWildcards(suppress = <null>)] @[ParameterName(name = "key")] T of androidx.navigation3.runtime.EntryProviderKt.entry$default, kotlin.Any>?, metadata: kotlin.collections.Map<kotlin.String, kotlin.Any>?, content: @[Composable] kotlin.Function1<T of androidx.navigation3.runtime.EntryProviderKt.entry$default, kotlin.Unit>, $mask0: kotlin.Int, $handler: kotlin.Any?): kotlin.Unit [inline] declared in androidx.navigation3.runtime.EntryProviderKt' type=kotlin.Unit origin=DEFAULT_DISPATCH_CALL
      <T>: com.emenjivar.feature.diary.navigation.DiaryRoute
      $receiver: GET_VAR '<this>: androidx.navigation3.runtime.EntryProviderBuilder<androidx.navigation3.runtime.NavKey> declared in com.emenjivar.feature.diary.navigation.DiaryNavGraphKt.featureGraph' type=androidx.navigation3.runtime.EntryProviderBuilder<androidx.navigation3.runtime.NavKey> origin=null
      clazzContentKey: COMPOSITE type=kotlin.Function1<@[JvmSuppressWildcards(suppress = <null>)] @[ParameterName(name = "key")] T of androidx.navigation3.runtime.EntryProviderKt.entry$default, kotlin.Any>? origin=DEFAULT_VALUE
        CONST Null type=kotlin.Function1<@[JvmSuppressWildcards(suppress = <null>)] @[ParameterName(name = "key")] T of androidx.navigation3.runtime.EntryProviderKt.entry$default, kotlin.Any>? value=null
      metadata: COMPOSITE type=kotlin.collections.Map<kotlin.String, kotlin.Any>? origin=DEFAULT_VALUE
        CONST Null type=kotlin.collections.Map<kotlin.String, kotlin.Any>? value=null
      content: BLOCK type=kotlin.Function1<com.emenjivar.feature.diary.navigation.DiaryRoute, kotlin.Unit> origin=LAMBDA
        COMPOSITE type=kotlin.Unit origin=null
        CALL 'public final fun <jvm-indy> <T> (dynamicCall: T of kotlin.jvm.internal.<jvm-indy>, bootstrapMethodHandle: kotlin.Any, vararg bootstrapMethodArguments: kotlin.Any): T of kotlin.jvm.internal.<jvm-indy> declared in kotlin.jvm.internal' type=kotlin.Function1<com.emenjivar.feature.diary.navigation.DiaryRoute, kotlin.Unit> origin=null
          <T>: kotlin.Function1<com.emenjivar.feature.diary.navigation.DiaryRoute, kotlin.Unit>
          dynamicCall: CALL 'public final fun invoke (p0: kotlin.Function1<androidx.navigation3.runtime.NavKey, kotlin.Unit>): kotlin.Function1<com.emenjivar.feature.diary.navigation.DiaryRoute, kotlin.Unit> declared in kotlin.jvm.internal.invokeDynamic' type=kotlin.Function1<com.emenjivar.feature.diary.navigation.DiaryRoute, kotlin.Unit> origin=null
            p0: GET_VAR 'navigateTo: kotlin.Function1<androidx.navigation3.runtime.NavKey, kotlin.Unit> declared in com.emenjivar.feature.diary.navigation.DiaryNavGraphKt.featureGraph' type=kotlin.Function1<androidx.navigation3.runtime.NavKey, kotlin.Unit> origin=null
          bootstrapMethodHandle: CALL 'public final fun <jvm-method-handle> (tag: kotlin.Int, owner: kotlin.String, name: kotlin.String, descriptor: kotlin.String, isInterface: kotlin.Boolean): kotlin.Any declared in kotlin.jvm.internal' type=kotlin.Any origin=null
            tag: CONST Int type=kotlin.Int value=6
            owner: CONST String type=kotlin.String value="java/lang/invoke/LambdaMetafactory"
            name: CONST String type=kotlin.String value="metafactory"
            descriptor: CONST String type=kotlin.String value="(Ljava/lang/invoke/MethodHandles$Lookup;Ljava/lang/String;Ljava/lang/invoke/MethodType;Ljava/lang/invoke/MethodType;Ljava/lang/invoke/MethodHandle;Ljava/lang/invoke/MethodType;)Ljava/lang/invoke/CallSite;"
            isInterface: CONST Boolean type=kotlin.Boolean value=false
          bootstrapMethodArguments: VARARG type=kotlin.Array<kotlin.Any> varargElementType=kotlin.Any
            CALL 'public final fun <jvm-original-method-type> (method: kotlin.Any): kotlin.Any declared in kotlin.jvm.internal' type=kotlin.Any origin=null
              method: RAW_FUNCTION_REFERENCE 'public abstract fun invoke (p1: P1 of kotlin.Function1): R of kotlin.Function1 [operator] declared in kotlin.Function1' type=kotlin.Any
            RAW_FUNCTION_REFERENCE 'private final fun featureGraph$lambda$3 ($navigateTo: kotlin.Function1<androidx.navigation3.runtime.NavKey, kotlin.Unit>, it: com.emenjivar.feature.diary.navigation.DiaryRoute): kotlin.Unit? declared in com.emenjivar.feature.diary.navigation.DiaryNavGraphKt' type=kotlin.Any
            CALL 'public final fun <jvm-original-method-type> (method: kotlin.Any): kotlin.Any declared in kotlin.jvm.internal' type=kotlin.Any origin=null
              method: RAW_FUNCTION_REFERENCE 'public abstract fun invoke (p1: com.emenjivar.feature.diary.navigation.DiaryRoute): kotlin.Unit? [fake_override,operator] declared in kotlin.jvm.internal.invokeDynamic.<fake>' type=kotlin.Any
      $mask0: CONST Int type=kotlin.Int value=3
      $handler: CONST Null type=kotlin.Any? value=null
    CALL 'public final fun entry$default <T> (clazzContentKey: kotlin.Function1<@[JvmSuppressWildcards(suppress = <null>)] @[ParameterName(name = "key")] T of androidx.navigation3.runtime.EntryProviderKt.entry$default, kotlin.Any>?, metadata: kotlin.collections.Map<kotlin.String, kotlin.Any>?, content: @[Composable] kotlin.Function1<T of androidx.navigation3.runtime.EntryProviderKt.entry$default, kotlin.Unit>, $mask0: kotlin.Int, $handler: kotlin.Any?): kotlin.Unit [inline] declared in androidx.navigation3.runtime.EntryProviderKt' type=kotlin.Unit origin=DEFAULT_DISPATCH_CALL
      <T>: com.emenjivar.feature.diary.navigation.DiaryDetailRoute
      $receiver: GET_VAR '<this>: androidx.navigation3.runtime.EntryProviderBuilder<androidx.navigation3.runtime.NavKey> declared in com.emenjivar.feature.diary.navigation.DiaryNavGraphKt.featureGraph' type=androidx.navigation3.runtime.EntryProviderBuilder<androidx.navigation3.runtime.NavKey> origin=null
      clazzContentKey: COMPOSITE type=kotlin.Function1<@[JvmSuppressWildcards(suppress = <null>)] @[ParameterName(name = "key")] T of androidx.navigation3.runtime.EntryProviderKt.entry$default, kotlin.Any>? origin=DEFAULT_VALUE
        CONST Null type=kotlin.Function1<@[JvmSuppressWildcards(suppress = <null>)] @[ParameterName(name = "key")] T of androidx.navigation3.runtime.EntryProviderKt.entry$default, kotlin.Any>? value=null
      metadata: COMPOSITE type=kotlin.collections.Map<kotlin.String, kotlin.Any>? origin=DEFAULT_VALUE
        CONST Null type=kotlin.collections.Map<kotlin.String, kotlin.Any>? value=null
      content: BLOCK type=kotlin.Function1<com.emenjivar.feature.diary.navigation.DiaryDetailRoute, kotlin.Unit> origin=LAMBDA
        COMPOSITE type=kotlin.Unit origin=null
        CALL 'public final fun <jvm-indy> <T> (dynamicCall: T of kotlin.jvm.internal.<jvm-indy>, bootstrapMethodHandle: kotlin.Any, vararg bootstrapMethodArguments: kotlin.Any): T of kotlin.jvm.internal.<jvm-indy> declared in kotlin.jvm.internal' type=kotlin.Function1<com.emenjivar.feature.diary.navigation.DiaryDetailRoute, kotlin.Unit> origin=null
          <T>: kotlin.Function1<com.emenjivar.feature.diary.navigation.DiaryDetailRoute, kotlin.Unit>
          dynamicCall: CALL 'public final fun invoke (p0: kotlin.Function0<kotlin.Unit>): kotlin.Function1<com.emenjivar.feature.diary.navigation.DiaryDetailRoute, kotlin.Unit> declared in kotlin.jvm.internal.invokeDynamic' type=kotlin.Function1<com.emenjivar.feature.diary.navigation.DiaryDetailRoute, kotlin.Unit> origin=null
            p0: GET_VAR 'popBackStack: kotlin.Function0<kotlin.Unit> declared in com.emenjivar.feature.diary.navigation.DiaryNavGraphKt.featureGraph' type=kotlin.Function0<kotlin.Unit> origin=null
          bootstrapMethodHandle: CALL 'public final fun <jvm-method-handle> (tag: kotlin.Int, owner: kotlin.String, name: kotlin.String, descriptor: kotlin.String, isInterface: kotlin.Boolean): kotlin.Any declared in kotlin.jvm.internal' type=kotlin.Any origin=null
            tag: CONST Int type=kotlin.Int value=6
            owner: CONST String type=kotlin.String value="java/lang/invoke/LambdaMetafactory"
            name: CONST String type=kotlin.String value="metafactory"
            descriptor: CONST String type=kotlin.String value="(Ljava/lang/invoke/MethodHandles$Lookup;Ljava/lang/String;Ljava/lang/invoke/MethodType;Ljava/lang/invoke/MethodType;Ljava/lang/invoke/MethodHandle;Ljava/lang/invoke/MethodType;)Ljava/lang/invoke/CallSite;"
            isInterface: CONST Boolean type=kotlin.Boolean value=false
          bootstrapMethodArguments: VARARG type=kotlin.Array<kotlin.Any> varargElementType=kotlin.Any
            CALL 'public final fun <jvm-original-method-type> (method: kotlin.Any): kotlin.Any declared in kotlin.jvm.internal' type=kotlin.Any origin=null
              method: RAW_FUNCTION_REFERENCE 'public abstract fun invoke (p1: P1 of kotlin.Function1): R of kotlin.Function1 [operator] declared in kotlin.Function1' type=kotlin.Any
            RAW_FUNCTION_REFERENCE 'private final fun featureGraph$lambda$5 ($popBackStack: kotlin.Function0<kotlin.Unit>, it: com.emenjivar.feature.diary.navigation.DiaryDetailRoute): kotlin.Unit? declared in com.emenjivar.feature.diary.navigation.DiaryNavGraphKt' type=kotlin.Any
            CALL 'public final fun <jvm-original-method-type> (method: kotlin.Any): kotlin.Any declared in kotlin.jvm.internal' type=kotlin.Any origin=null
              method: RAW_FUNCTION_REFERENCE 'public abstract fun invoke (p1: com.emenjivar.feature.diary.navigation.DiaryDetailRoute): kotlin.Unit? [fake_override,operator] declared in kotlin.jvm.internal.invokeDynamic.<fake>' type=kotlin.Any
      $mask0: CONST Int type=kotlin.Int value=3
      $handler: CONST Null type=kotlin.Any? value=null

	at org.jetbrains.kotlin.backend.jvm.codegen.FunctionCodegen.generate(FunctionCodegen.kt:47)
	at org.jetbrains.kotlin.backend.jvm.codegen.FunctionCodegen.generate$default(FunctionCodegen.kt:40)
	at org.jetbrains.kotlin.backend.jvm.codegen.ClassCodegen.generateMethodNode(ClassCodegen.kt:406)
	at org.jetbrains.kotlin.backend.jvm.codegen.ClassCodegen.generateMethod(ClassCodegen.kt:423)
	at org.jetbrains.kotlin.backend.jvm.codegen.ClassCodegen.generate(ClassCodegen.kt:168)
	at org.jetbrains.kotlin.backend.jvm.FileCodegen.lower(JvmPhases.kt:39)
	at org.jetbrains.kotlin.backend.common.phaser.PhaseFactoriesKt.createFilePhase$lambda$4(PhaseFactories.kt:71)
	at org.jetbrains.kotlin.backend.common.phaser.PhaseBuildersKt$createSimpleNamedCompilerPhase$1.phaseBody(PhaseBuilders.kt:69)
	at org.jetbrains.kotlin.backend.common.phaser.SimpleNamedCompilerPhase.phaseBody(CompilerPhase.kt:226)
	at org.jetbrains.kotlin.backend.common.phaser.AbstractNamedCompilerPhase.invoke(CompilerPhase.kt:113)
	at org.jetbrains.kotlin.backend.common.phaser.PerformByIrFilePhase.invokeSequential(performByIrFile.kt:62)
	... 45 more
Caused by: org.jetbrains.kotlin.codegen.CompilationException: Back-end (JVM) Internal error: Couldn't inline method call: CALL 'public final fun entry$default <T> (clazzContentKey: kotlin.Function1<@[JvmSuppressWildcards(suppress = <null>)] @[ParameterName(name = "key")] T of androidx.navigation3.runtime.EntryProviderKt.entry$default, kotlin.Any>?, metadata: kotlin.collections.Map<kotlin.String, kotlin.Any>?, content: @[Composable] kotlin.Function1<T of androidx.navigation3.runtime.EntryProviderKt.entry$default, kotlin.Unit>, $mask0: kotlin.Int, $handler: kotlin.Any?): kotlin.Unit [inline] declared in androidx.navigation3.runtime.EntryProviderKt' type=kotlin.Unit origin=DEFAULT_DISPATCH_CALL
Method: null
File is unknown
The root cause java.lang.IllegalStateException was thrown at: org.jetbrains.kotlin.codegen.inline.SourceCompilerForInlineKt.getMethodNode(SourceCompilerForInline.kt:118)
	at org.jetbrains.kotlin.codegen.inline.InlineCodegen.performInline(InlineCodegen.kt:65)
	at org.jetbrains.kotlin.backend.jvm.codegen.IrInlineCodegen.genInlineCall(IrInlineCodegen.kt:163)
	at org.jetbrains.kotlin.backend.jvm.codegen.IrInlineCallGenerator.genCall(IrInlineCallGenerator.kt:36)
	at org.jetbrains.kotlin.backend.jvm.codegen.ExpressionCodegen.visitCall(ExpressionCodegen.kt:653)
	at org.jetbrains.kotlin.backend.jvm.codegen.ExpressionCodegen.visitCall(ExpressionCodegen.kt:138)
	at org.jetbrains.kotlin.ir.expressions.IrCall.accept(IrCall.kt:24)
	at org.jetbrains.kotlin.backend.jvm.codegen.ExpressionCodegen.visitStatementContainer(ExpressionCodegen.kt:579)
	at org.jetbrains.kotlin.backend.jvm.codegen.ExpressionCodegen.visitBlockBody(ExpressionCodegen.kt:584)
	at org.jetbrains.kotlin.backend.jvm.codegen.ExpressionCodegen.visitBlockBody(ExpressionCodegen.kt:138)
	at org.jetbrains.kotlin.ir.expressions.IrBlockBody.accept(IrBlockBody.kt:20)
	at org.jetbrains.kotlin.backend.jvm.codegen.ExpressionCodegen.generate(ExpressionCodegen.kt:240)
	at org.jetbrains.kotlin.backend.jvm.codegen.FunctionCodegen.doGenerate(FunctionCodegen.kt:123)
	at org.jetbrains.kotlin.backend.jvm.codegen.FunctionCodegen.generate(FunctionCodegen.kt:44)
	... 55 more
Caused by: java.lang.IllegalStateException: couldn't find inline method Landroidx/navigation3/runtime/EntryProviderKt;.entry$default(Landroidx/navigation3/runtime/EntryProviderBuilder;Lkotlin/jvm/functions/Function1;Ljava/util/Map;Lkotlin/jvm/functions/Function1;ILjava/lang/Object;)V
	at org.jetbrains.kotlin.codegen.inline.SourceCompilerForInlineKt.getMethodNode(SourceCompilerForInline.kt:118)
	at org.jetbrains.kotlin.codegen.inline.SourceCompilerForInlineKt.loadCompiledInlineFunction(SourceCompilerForInline.kt:96)
	at org.jetbrains.kotlin.backend.jvm.codegen.IrSourceCompilerForInline.compileInlineFunction(IrSourceCompilerForInline.kt:91)
	at org.jetbrains.kotlin.codegen.inline.InlineCodegen.compileInline(InlineCodegen.kt:43)
	at org.jetbrains.kotlin.codegen.inline.InlineCodegen.performInline(InlineCodegen.kt:51)
	... 67 more


